
30_10_2022_19:52 - A new device was connect to the network with MAC 0:cb:7a:4e:9c:64. The name is 'Technicolor CH USA Inc. (router)'
30_10_2022_19:52 - A new device was connect to the network with MAC 2:e9:83:ab:69:98. The name is 'unknown'
30_10_2022_19:52 - A new device was connect to the network with MAC e:74:c5:2c:c8:43. The name is 'unknown'
30_10_2022_19:52 - A new device was connect to the network with MAC c:f7:e6:13:b8:1e. The name is 'Apple, Inc.'
30_10_2022_19:52 - A new device was connect to the network with MAC c:06:30:16:f3:7c. The name is 'Apple, Inc.'
30_10_2022_19:52 - A new device was connect to the network with MAC 8:27:eb:be:b5:10. The name is 'unknown unknown (Your device)'
30_10_2022_19:54 - A new device was connect to the network with MAC 0:cb:7a:4e:9c:64. The name is 'Technicolor CH USA Inc. (router)'
30_10_2022_19:54 - A new device was connect to the network with MAC 2:e9:83:ab:69:98. The name is 'unknown'
30_10_2022_19:54 - A new device was connect to the network with MAC e:74:c5:2c:c8:43. The name is 'unknown'
30_10_2022_19:54 - A new device was connect to the network with MAC 8:27:eb:be:b5:10. The name is 'unknown unknown (Your device)'
30_10_2022_20:20 - A new device was connect to the network with MAC 0:cb:7a:4e:9c:64. The name is 'Technicolor CH USA Inc. (router)'
30_10_2022_20:20 - A new device was connect to the network with MAC c:f7:e6:13:b8:1e. The name is 'Apple, Inc.'
30_10_2022_20:20 - A new device was connect to the network with MAC 2:e9:83:ab:69:98. The name is 'unknown'
30_10_2022_20:20 - A new device was connect to the network with MAC c:06:30:16:f3:7c. The name is 'Apple, Inc.'
30_10_2022_20:20 - A new device was connect to the network with MAC e:74:c5:2c:c8:43. The name is 'unknown'
30_10_2022_20:20 - A new device was connect to the network with MAC 2:3d:c1:4c:82:04. The name is 'unknown'
30_10_2022_20:20 - A new device was connect to the network with MAC 8:27:eb:be:b5:10. The name is 'unknown unknown (Your device)'
30_10_2022_20:21 - A new device was connect to the network with MAC 0:cb:7a:4e:9c:64. The name is 'Technicolor CH USA Inc. (router)'
30_10_2022_20:21 - A new device was connect to the network with MAC c:06:30:16:f3:7c. The name is 'Apple, Inc.'
30_10_2022_20:21 - A new device was connect to the network with MAC 2:3d:c1:4c:82:04. The name is 'unknown'
30_10_2022_20:21 - A new device was connect to the network with MAC c:f7:e6:13:b8:1e. The name is 'Apple, Inc.'
30_10_2022_20:21 - A new device was connect to the network with MAC 8:27:eb:be:b5:10. The name is 'unknown unknown (Your device)'
30_10_2022_20:25 - A new device was connect to the network with MAC 0:cb:7a:4e:9c:64. The name is 'Technicolor CH USA Inc. (router)'
30_10_2022_20:25 - A new device was connect to the network with MAC 2:e9:83:ab:69:98. The name is 'unknown'
30_10_2022_20:25 - A new device was connect to the network with MAC c:06:30:16:f3:7c. The name is 'Apple'
30_10_2022_20:25 - A new device was connect to the network with MAC 2:3d:c1:4c:82:04. The name is 'unknown'
30_10_2022_20:25 - A new device was connect to the network with MAC c:f7:e6:13:b8:1e. The name is 'Apple, Inc.'
30_10_2022_20:25 - A new device was connect to the network with MAC 8:27:eb:be:b5:10. The name is 'unknown unknown (Your device)'
